Arguments: 
  /snap/node/5485/bin/node /home/kurt/.npm-global/bin/yarnpkg config get registry

PATH: 
  /home/kurt/Desktop/React/node_modules/.bin:/home/kurt/Desktop/node_modules/.bin:/home/kurt/node_modules/.bin:/home/node_modules/.bin:/node_modules/.bin:/usr/local/lib/node_modules/npm/node_modules/@npmcli/run-script/lib/node-gyp-bin:/home/kurt/.npm-global/bin:/usr/local/sbin:/usr/local/bin:/usr/sbin:/usr/bin:/sbin:/bin:/usr/games:/usr/local/games:/snap/bin

Yarn version: 
  1.22.11

Node version: 
  14.18.1

Platform: 
  linux x64

Trace: 
  Error: ../../../package.json: EACCES: permission denied, write
      at writeSync (fs.js:736:3)
      at SyncWriteStream._write (internal/fs/sync_write_stream.js:24:3)
      at writeOrBuffer (internal/streams/writable.js:358:12)
      at SyncWriteStream.Writable.write (internal/streams/writable.js:303:10)
      at ConsoleReporter.warn (/home/kurt/.npm-global/lib/node_modules/yarn/lib/cli.js:96806:17)
      at warn (/home/kurt/.npm-global/lib/node_modules/yarn/lib/cli.js:51525:23)
      at module.exports.exports.default (/home/kurt/.npm-global/lib/node_modules/yarn/lib/cli.js:37362:7)
      at /home/kurt/.npm-global/lib/node_modules/yarn/lib/cli.js:51536:51
      at Generator.next (<anonymous>)
      at step (/home/kurt/.npm-global/lib/node_modules/yarn/lib/cli.js:310:30)

npm manifest: 
  {
    "name": "gif-expert-app",
    "version": "0.1.0",
    "private": true
  }

yarn manifest: 
  No manifest

Lockfile: 
  No lockfile
